# JRE version: Java(TM) SE Runtime Environment (8.0_20-b26) (build 1.8.0_20-b26)
# Java VM: Java HotSpot(TM) 64-Bit Server VM (25.20-b23 mixed mode windows-amd64 compressed oops)
Heap:
 PSYoungGen      total 139776K, used 20401K [0x00000000eab00000, 0x00000000f6500000, 0x0000000100000000)
  eden space 126976K, 6% used [0x00000000eab00000,0x00000000eb273be0,0x00000000f2700000)
  from space 12800K, 99% used [0x00000000f2700000,0x00000000f3378910,0x00000000f3380000)
  to   space 18944K, 0% used [0x00000000f5280000,0x00000000f5280000,0x00000000f6500000)
 ParOldGen       total 67584K, used 37414K [0x00000000c0000000, 0x00000000c4200000, 0x00000000eab00000)
  object space 67584K, 55% used [0x00000000c0000000,0x00000000c2489850,0x00000000c4200000)
 Metaspace       used 45269K, capacity 47021K, committed 47360K, reserved 1089536K
  class space    used 6172K, capacity 6818K, committed 6912K, reserved 1048576K
GC Heap History (10 events):
Event: 10.253 GC heap before
{Heap before GC invocations=13 (full 1):
 PSYoungGen      total 78848K, used 78785K [0x00000000eab00000, 0x00000000f1880000, 0x0000000100000000)
  eden space 72192K, 100% used [0x00000000eab00000,0x00000000ef180000,0x00000000ef180000)
  from space 6656K, 99% used [0x00000000ef180000,0x00000000ef7f0750,0x00000000ef800000)
  to   space 7680K, 0% used [0x00000000f1100000,0x00000000f1100000,0x00000000f1880000)
 ParOldGen       total 35328K, used 12018K [0x00000000c0000000, 0x00000000c2280000, 0x00000000eab00000)
  object space 35328K, 34% used [0x00000000c0000000,0x00000000c0bbc918,0x00000000c2280000)
 Metaspace       used 31906K, capacity 32760K, committed 33024K, reserved 1077248K
  class space    used 4178K, capacity 4506K, committed 4608K, reserved 1048576K
Event: 10.286 GC heap after
Heap after GC invocations=13 (full 1):
 PSYoungGen      total 101376K, used 7670K [0x00000000eab00000, 0x00000000f2000000, 0x0000000100000000)
  eden space 93696K, 0% used [0x00000000eab00000,0x00000000eab00000,0x00000000f0680000)
  from space 7680K, 99% used [0x00000000f1100000,0x00000000f187d9b8,0x00000000f1880000)
  to   space 10752K, 0% used [0x00000000f0680000,0x00000000f0680000,0x00000000f1100000)
 ParOldGen       total 35328K, used 17130K [0x00000000c0000000, 0x00000000c2280000, 0x00000000eab00000)
  object space 35328K, 48% used [0x00000000c0000000,0x00000000c10ba840,0x00000000c2280000)
 Metaspace       used 31906K, capacity 32760K, committed 33024K, reserved 1077248K
  class space    used 4178K, capacity 4506K, committed 4608K, reserved 1048576K
}
Event: 11.086 GC heap before
{Heap before GC invocations=14 (full 1):
 PSYoungGen      total 101376K, used 68614K [0x00000000eab00000, 0x00000000f2000000, 0x0000000100000000)
  eden space 93696K, 65% used [0x00000000eab00000,0x00000000ee683e90,0x00000000f0680000)
  from space 7680K, 99% used [0x00000000f1100000,0x00000000f187d9b8,0x00000000f1880000)
  to   space 10752K, 0% used [0x00000000f0680000,0x00000000f0680000,0x00000000f1100000)
 ParOldGen       total 35328K, used 17130K [0x00000000c0000000, 0x00000000c2280000, 0x00000000eab00000)
  object space 35328K, 48% used [0x00000000c0000000,0x00000000c10ba840,0x00000000c2280000)
 Metaspace       used 34130K, capacity 35392K, committed 35496K, reserved 1079296K
  class space    used 4573K, capacity 5070K, committed 5120K, reserved 1048576K
Event: 11.108 GC heap after
Heap after GC invocations=14 (full 1):
 PSYoungGen      total 104448K, used 7377K [0x00000000eab00000, 0x00000000f4000000, 0x0000000100000000)
  eden space 93696K, 0% used [0x00000000eab00000,0x00000000eab00000,0x00000000f0680000)
  from space 10752K, 68% used [0x00000000f0680000,0x00000000f0db4640,0x00000000f1100000)
  to   space 11264K, 0% used [0x00000000f3500000,0x00000000f3500000,0x00000000f4000000)
 ParOldGen       total 35328K, used 23899K [0x00000000c0000000, 0x00000000c2280000, 0x00000000eab00000)
  object space 35328K, 67% used [0x00000000c0000000,0x00000000c1756d10,0x00000000c2280000)
 Metaspace       used 34130K, capacity 35392K, committed 35496K, reserved 1079296K
  class space    used 4573K, capacity 5070K, committed 5120K, reserved 1048576K
}
Event: 11.108 GC heap before
{Heap before GC invocations=15 (full 2):
 PSYoungGen      total 104448K, used 7377K [0x00000000eab00000, 0x00000000f4000000, 0x0000000100000000)
  eden space 93696K, 0% used [0x00000000eab00000,0x00000000eab00000,0x00000000f0680000)
  from space 10752K, 68% used [0x00000000f0680000,0x00000000f0db4640,0x00000000f1100000)
  to   space 11264K, 0% used [0x00000000f3500000,0x00000000f3500000,0x00000000f4000000)
 ParOldGen       total 35328K, used 23899K [0x00000000c0000000, 0x00000000c2280000, 0x00000000eab00000)
  object space 35328K, 67% used [0x00000000c0000000,0x00000000c1756d10,0x00000000c2280000)
 Metaspace       used 34130K, capacity 35392K, committed 35496K, reserved 1079296K
  class space    used 4573K, capacity 5070K, committed 5120K, reserved 1048576K
Event: 11.271 GC heap after
Heap after GC invocations=15 (full 2):
 PSYoungGen      total 104448K, used 0K [0x00000000eab00000, 0x00000000f4000000, 0x0000000100000000)
  eden space 93696K, 0% used [0x00000000eab00000,0x00000000eab00000,0x00000000f0680000)
  from space 10752K, 0% used [0x00000000f0680000,0x00000000f0680000,0x00000000f1100000)
  to   space 11264K, 0% used [0x00000000f3500000,0x00000000f3500000,0x00000000f4000000)
 ParOldGen       total 67584K, used 25966K [0x00000000c0000000, 0x00000000c4200000, 0x00000000eab00000)
  object space 67584K, 38% used [0x00000000c0000000,0x00000000c195b9e8,0x00000000c4200000)
 Metaspace       used 34130K, capacity 35392K, committed 35496K, reserved 1079296K
  class space    used 4573K, capacity 5070K, committed 5120K, reserved 1048576K
}
Event: 12.314 GC heap before
{Heap before GC invocations=16 (full 2):
 PSYoungGen      total 104448K, used 93696K [0x00000000eab00000, 0x00000000f4000000, 0x0000000100000000)
  eden space 93696K, 100% used [0x00000000eab00000,0x00000000f0680000,0x00000000f0680000)
  from space 10752K, 0% used [0x00000000f0680000,0x00000000f0680000,0x00000000f1100000)
  to   space 11264K, 0% used [0x00000000f3500000,0x00000000f3500000,0x00000000f4000000)
 ParOldGen       total 67584K, used 25966K [0x00000000c0000000, 0x00000000c4200000, 0x00000000eab00000)
  object space 67584K, 38% used [0x00000000c0000000,0x00000000c195b9e8,0x00000000c4200000)
 Metaspace       used 37193K, capacity 38649K, committed 38784K, reserved 1083392K
  class space    used 5082K, capacity 5639K, committed 5760K, reserved 1048576K
Event: 12.342 GC heap after
Heap after GC invocations=16 (full 2):
 PSYoungGen      total 132096K, used 11234K [0x00000000eab00000, 0x00000000f4000000, 0x0000000100000000)
  eden space 120832K, 0% used [0x00000000eab00000,0x00000000eab00000,0x00000000f2100000)
  from space 11264K, 99% used [0x00000000f3500000,0x00000000f3ff8828,0x00000000f4000000)
  to   space 12800K, 0% used [0x00000000f2700000,0x00000000f2700000,0x00000000f3380000)
 ParOldGen       total 67584K, used 26437K [0x00000000c0000000, 0x00000000c4200000, 0x00000000eab00000)
  object space 67584K, 39% used [0x00000000c0000000,0x00000000c19d1520,0x00000000c4200000)
 Metaspace       used 37193K, capacity 38649K, committed 38784K, reserved 1083392K
  class space    used 5082K, capacity 5639K, committed 5760K, reserved 1048576K
}
Event: 18.857 GC heap before
{Heap before GC invocations=17 (full 2):
 PSYoungGen      total 132096K, used 132066K [0x00000000eab00000, 0x00000000f4000000, 0x0000000100000000)
  eden space 120832K, 100% used [0x00000000eab00000,0x00000000f2100000,0x00000000f2100000)
  from space 11264K, 99% used [0x00000000f3500000,0x00000000f3ff8828,0x00000000f4000000)
  to   space 12800K, 0% used [0x00000000f2700000,0x00000000f2700000,0x00000000f3380000)
 ParOldGen       total 67584K, used 26437K [0x00000000c0000000, 0x00000000c4200000, 0x00000000eab00000)
  object space 67584K, 39% used [0x00000000c0000000,0x00000000c19d1520,0x00000000c4200000)
 Metaspace       used 45187K, capacity 46971K, committed 47104K, reserved 1089536K
  class space    used 6145K, capacity 6801K, committed 6912K, reserved 1048576K
Event: 18.898 GC heap after
Heap after GC invocations=17 (full 2):
 PSYoungGen      total 139776K, used 12770K [0x00000000eab00000, 0x00000000f6500000, 0x0000000100000000)
  eden space 126976K, 0% used [0x00000000eab00000,0x00000000eab00000,0x00000000f2700000)
  from space 12800K, 99% used [0x00000000f2700000,0x00000000f3378910,0x00000000f3380000)
  to   space 18944K, 0% used [0x00000000f5280000,0x00000000f5280000,0x00000000f6500000)
 ParOldGen       total 67584K, used 37414K [0x00000000c0000000, 0x00000000c4200000, 0x00000000eab00000)
  object space 67584K, 55% used [0x00000000c0000000,0x00000000c2489850,0x00000000c4200000)
 Metaspace       used 45187K, capacity 46971K, committed 47104K, reserved 1089536K
  class space    used 6145K, capacity 6801K, committed 6912K, reserved 1048576K
}

