# JRE version: Java(TM) SE Runtime Environment (8.0_20-b26) (build 1.8.0_20-b26)
# Java VM: Java HotSpot(TM) 64-Bit Server VM (25.20-b23 mixed mode windows-amd64 compressed oops)
Heap:
 PSYoungGen      total 123904K, used 81616K [0x00000000eab00000, 0x00000000f3a80000, 0x0000000100000000)
  eden space 112640K, 62% used [0x00000000eab00000,0x00000000eefb9180,0x00000000f1900000)
  from space 11264K, 99% used [0x00000000f2f80000,0x00000000f3a7aef0,0x00000000f3a80000)
  to   space 12800K, 0% used [0x00000000f2180000,0x00000000f2180000,0x00000000f2e00000)
 ParOldGen       total 68608K, used 26195K [0x00000000c0000000, 0x00000000c4300000, 0x00000000eab00000)
  object space 68608K, 38% used [0x00000000c0000000,0x00000000c1994fe0,0x00000000c4300000)
 Metaspace       used 39541K, capacity 41185K, committed 41472K, reserved 1085440K
  class space    used 5458K, capacity 6103K, committed 6144K, reserved 1048576K
GC Heap History (10 events):
Event: 6.665 GC heap before
{Heap before GC invocations=12 (full 1):
 PSYoungGen      total 77824K, used 74547K [0x00000000eab00000, 0x00000000f0580000, 0x0000000100000000)
  eden space 70656K, 100% used [0x00000000eab00000,0x00000000ef000000,0x00000000ef000000)
  from space 7168K, 54% used [0x00000000ef700000,0x00000000efaccfa0,0x00000000efe00000)
  to   space 7168K, 0% used [0x00000000ef000000,0x00000000ef000000,0x00000000ef700000)
 ParOldGen       total 34304K, used 8409K [0x00000000c0000000, 0x00000000c2180000, 0x00000000eab00000)
  object space 34304K, 24% used [0x00000000c0000000,0x00000000c0836730,0x00000000c2180000)
 Metaspace       used 27938K, capacity 28522K, committed 28800K, reserved 1075200K
  class space    used 3621K, capacity 3858K, committed 3968K, reserved 1048576K
Event: 6.676 GC heap after
Heap after GC invocations=12 (full 1):
 PSYoungGen      total 77824K, used 6482K [0x00000000eab00000, 0x00000000f1500000, 0x0000000100000000)
  eden space 70656K, 0% used [0x00000000eab00000,0x00000000eab00000,0x00000000ef000000)
  from space 7168K, 90% used [0x00000000ef000000,0x00000000ef654ad8,0x00000000ef700000)
  to   space 7680K, 0% used [0x00000000f0d80000,0x00000000f0d80000,0x00000000f1500000)
 ParOldGen       total 34304K, used 10793K [0x00000000c0000000, 0x00000000c2180000, 0x00000000eab00000)
  object space 34304K, 31% used [0x00000000c0000000,0x00000000c0a8a5e8,0x00000000c2180000)
 Metaspace       used 27938K, capacity 28522K, committed 28800K, reserved 1075200K
  class space    used 3621K, capacity 3858K, committed 3968K, reserved 1048576K
}
Event: 7.446 GC heap before
{Heap before GC invocations=13 (full 1):
 PSYoungGen      total 77824K, used 77138K [0x00000000eab00000, 0x00000000f1500000, 0x0000000100000000)
  eden space 70656K, 100% used [0x00000000eab00000,0x00000000ef000000,0x00000000ef000000)
  from space 7168K, 90% used [0x00000000ef000000,0x00000000ef654ad8,0x00000000ef700000)
  to   space 7680K, 0% used [0x00000000f0d80000,0x00000000f0d80000,0x00000000f1500000)
 ParOldGen       total 34304K, used 10793K [0x00000000c0000000, 0x00000000c2180000, 0x00000000eab00000)
  object space 34304K, 31% used [0x00000000c0000000,0x00000000c0a8a5e8,0x00000000c2180000)
 Metaspace       used 31832K, capacity 32636K, committed 32768K, reserved 1077248K
  class space    used 4176K, capacity 4506K, committed 4608K, reserved 1048576K
Event: 7.463 GC heap after
Heap after GC invocations=13 (full 1):
 PSYoungGen      total 98304K, used 7677K [0x00000000eab00000, 0x00000000f1b00000, 0x0000000100000000)
  eden space 90624K, 0% used [0x00000000eab00000,0x00000000eab00000,0x00000000f0380000)
  from space 7680K, 99% used [0x00000000f0d80000,0x00000000f14ff578,0x00000000f1500000)
  to   space 10240K, 0% used [0x00000000f0380000,0x00000000f0380000,0x00000000f0d80000)
 ParOldGen       total 34304K, used 15204K [0x00000000c0000000, 0x00000000c2180000, 0x00000000eab00000)
  object space 34304K, 44% used [0x00000000c0000000,0x00000000c0ed9390,0x00000000c2180000)
 Metaspace       used 31832K, capacity 32636K, committed 32768K, reserved 1077248K
  class space    used 4176K, capacity 4506K, committed 4608K, reserved 1048576K
}
Event: 8.148 GC heap before
{Heap before GC invocations=14 (full 1):
 PSYoungGen      total 98304K, used 71916K [0x00000000eab00000, 0x00000000f1b00000, 0x0000000100000000)
  eden space 90624K, 70% used [0x00000000eab00000,0x00000000ee9bbab0,0x00000000f0380000)
  from space 7680K, 99% used [0x00000000f0d80000,0x00000000f14ff578,0x00000000f1500000)
  to   space 10240K, 0% used [0x00000000f0380000,0x00000000f0380000,0x00000000f0d80000)
 ParOldGen       total 34304K, used 15204K [0x00000000c0000000, 0x00000000c2180000, 0x00000000eab00000)
  object space 34304K, 44% used [0x00000000c0000000,0x00000000c0ed9390,0x00000000c2180000)
 Metaspace       used 34116K, capacity 35434K, committed 35496K, reserved 1079296K
  class space    used 4575K, capacity 5104K, committed 5120K, reserved 1048576K
Event: 8.177 GC heap after
Heap after GC invocations=14 (full 1):
 PSYoungGen      total 100864K, used 8110K [0x00000000eab00000, 0x00000000f3a80000, 0x0000000100000000)
  eden space 90624K, 0% used [0x00000000eab00000,0x00000000eab00000,0x00000000f0380000)
  from space 10240K, 79% used [0x00000000f0380000,0x00000000f0b6bb18,0x00000000f0d80000)
  to   space 11264K, 0% used [0x00000000f2f80000,0x00000000f2f80000,0x00000000f3a80000)
 ParOldGen       total 34304K, used 21282K [0x00000000c0000000, 0x00000000c2180000, 0x00000000eab00000)
  object space 34304K, 62% used [0x00000000c0000000,0x00000000c14c8840,0x00000000c2180000)
 Metaspace       used 34116K, capacity 35434K, committed 35496K, reserved 1079296K
  class space    used 4575K, capacity 5104K, committed 5120K, reserved 1048576K
}
Event: 8.177 GC heap before
{Heap before GC invocations=15 (full 2):
 PSYoungGen      total 100864K, used 8110K [0x00000000eab00000, 0x00000000f3a80000, 0x0000000100000000)
  eden space 90624K, 0% used [0x00000000eab00000,0x00000000eab00000,0x00000000f0380000)
  from space 10240K, 79% used [0x00000000f0380000,0x00000000f0b6bb18,0x00000000f0d80000)
  to   space 11264K, 0% used [0x00000000f2f80000,0x00000000f2f80000,0x00000000f3a80000)
 ParOldGen       total 34304K, used 21282K [0x00000000c0000000, 0x00000000c2180000, 0x00000000eab00000)
  object space 34304K, 62% used [0x00000000c0000000,0x00000000c14c8840,0x00000000c2180000)
 Metaspace       used 34116K, capacity 35434K, committed 35496K, reserved 1079296K
  class space    used 4575K, capacity 5104K, committed 5120K, reserved 1048576K
Event: 8.359 GC heap after
Heap after GC invocations=15 (full 2):
 PSYoungGen      total 100864K, used 0K [0x00000000eab00000, 0x00000000f3a80000, 0x0000000100000000)
  eden space 90624K, 0% used [0x00000000eab00000,0x00000000eab00000,0x00000000f0380000)
  from space 10240K, 0% used [0x00000000f0380000,0x00000000f0380000,0x00000000f0d80000)
  to   space 11264K, 0% used [0x00000000f2f80000,0x00000000f2f80000,0x00000000f3a80000)
 ParOldGen       total 68608K, used 26057K [0x00000000c0000000, 0x00000000c4300000, 0x00000000eab00000)
  object space 68608K, 37% used [0x00000000c0000000,0x00000000c1972628,0x00000000c4300000)
 Metaspace       used 34116K, capacity 35434K, committed 35496K, reserved 1079296K
  class space    used 4575K, capacity 5104K, committed 5120K, reserved 1048576K
}
Event: 9.108 GC heap before
{Heap before GC invocations=16 (full 2):
 PSYoungGen      total 100864K, used 90624K [0x00000000eab00000, 0x00000000f3a80000, 0x0000000100000000)
  eden space 90624K, 100% used [0x00000000eab00000,0x00000000f0380000,0x00000000f0380000)
  from space 10240K, 0% used [0x00000000f0380000,0x00000000f0380000,0x00000000f0d80000)
  to   space 11264K, 0% used [0x00000000f2f80000,0x00000000f2f80000,0x00000000f3a80000)
 ParOldGen       total 68608K, used 26057K [0x00000000c0000000, 0x00000000c4300000, 0x00000000eab00000)
  object space 68608K, 37% used [0x00000000c0000000,0x00000000c1972628,0x00000000c4300000)
 Metaspace       used 36819K, capacity 38202K, committed 38400K, reserved 1081344K
  class space    used 5025K, capacity 5584K, committed 5632K, reserved 1048576K
Event: 9.128 GC heap after
Heap after GC invocations=16 (full 2):
 PSYoungGen      total 123904K, used 11243K [0x00000000eab00000, 0x00000000f3a80000, 0x0000000100000000)
  eden space 112640K, 0% used [0x00000000eab00000,0x00000000eab00000,0x00000000f1900000)
  from space 11264K, 99% used [0x00000000f2f80000,0x00000000f3a7aef0,0x00000000f3a80000)
  to   space 12800K, 0% used [0x00000000f2180000,0x00000000f2180000,0x00000000f2e00000)
 ParOldGen       total 68608K, used 26195K [0x00000000c0000000, 0x00000000c4300000, 0x00000000eab00000)
  object space 68608K, 38% used [0x00000000c0000000,0x00000000c1994fe0,0x00000000c4300000)
 Metaspace       used 36819K, capacity 38202K, committed 38400K, reserved 1081344K
  class space    used 5025K, capacity 5584K, committed 5632K, reserved 1048576K
}

